[2026-01-10T16:58:47.373+0000] {taskinstance.py:1957} INFO - Dependencies all met for dep_context=non-requeueable deps ti=<TaskInstance: schema_matching_pipeline.create_final_schema_table manual__2026-01-10T16:57:07.185840+00:00 [queued]>
[2026-01-10T16:58:47.384+0000] {taskinstance.py:1957} INFO - Dependencies all met for dep_context=requeueable deps ti=<TaskInstance: schema_matching_pipeline.create_final_schema_table manual__2026-01-10T16:57:07.185840+00:00 [queued]>
[2026-01-10T16:58:47.385+0000] {taskinstance.py:2171} INFO - Starting attempt 1 of 2
[2026-01-10T16:58:47.409+0000] {taskinstance.py:2192} INFO - Executing <Task(PythonOperator): create_final_schema_table> on 2026-01-10 16:57:07.185840+00:00
[2026-01-10T16:58:47.421+0000] {standard_task_runner.py:60} INFO - Started process 376 to run task
[2026-01-10T16:58:47.429+0000] {standard_task_runner.py:87} INFO - Running: ['***', 'tasks', 'run', 'schema_matching_pipeline', 'create_final_schema_table', 'manual__2026-01-10T16:57:07.185840+00:00', '--job-id', '117', '--raw', '--subdir', 'DAGS_FOLDER/schema_matching_dag.py', '--cfg-path', '/tmp/tmpbwkk09t4']
[2026-01-10T16:58:47.435+0000] {standard_task_runner.py:88} INFO - Job 117: Subtask create_final_schema_table
[2026-01-10T16:58:47.556+0000] {task_command.py:423} INFO - Running <TaskInstance: schema_matching_pipeline.create_final_schema_table manual__2026-01-10T16:57:07.185840+00:00 [running]> on host 3d5bf5b10dcc
[2026-01-10T16:58:47.676+0000] {taskinstance.py:2481} INFO - Exporting env vars: AIRFLOW_CTX_DAG_OWNER='data-engineer' AIRFLOW_CTX_DAG_ID='schema_matching_pipeline' AIRFLOW_CTX_TASK_ID='create_final_schema_table' AIRFLOW_CTX_EXECUTION_DATE='2026-01-10T16:57:07.185840+00:00' AIRFLOW_CTX_TRY_NUMBER='1' AIRFLOW_CTX_DAG_RUN_ID='manual__2026-01-10T16:57:07.185840+00:00'
[2026-01-10T16:58:47.678+0000] {logging_mixin.py:188} INFO - Creating final schema table for chicago...
[2026-01-10T16:58:48.606+0000] {logging_mixin.py:188} INFO - [OK] Final cleaned schema saved: data/sample/chicago_schema_final.csv
[INFO] Columns in final schema: 23
[2026-01-10T16:58:48.607+0000] {logging_mixin.py:188} INFO - Creating final schema table for sf...
[2026-01-10T16:58:49.494+0000] {logging_mixin.py:188} INFO - [OK] Final cleaned schema saved: data/sample/sf_schema_final.csv
[INFO] Columns in final schema: 35
[2026-01-10T16:58:49.495+0000] {logging_mixin.py:188} INFO - Creating final schema table for la...
[2026-01-10T16:58:50.347+0000] {logging_mixin.py:188} INFO - [OK] Final cleaned schema saved: data/sample/la_schema_final.csv
[INFO] Columns in final schema: 26
[2026-01-10T16:58:50.348+0000] {logging_mixin.py:188} INFO - ✓ Final schema table created
[2026-01-10T16:58:50.349+0000] {python.py:201} INFO - Done. Returned value was: None
[2026-01-10T16:58:50.362+0000] {taskinstance.py:1138} INFO - Marking task as SUCCESS. dag_id=schema_matching_pipeline, task_id=create_final_schema_table, execution_date=20260110T165707, start_date=20260110T165847, end_date=20260110T165850
[2026-01-10T16:58:50.438+0000] {local_task_job_runner.py:234} INFO - Task exited with return code 0
[2026-01-10T16:58:50.481+0000] {taskinstance.py:3281} INFO - 1 downstream tasks scheduled from follow-on schedule check
