[2026-01-10T17:15:28.276+0000] {taskinstance.py:1957} INFO - Dependencies all met for dep_context=non-requeueable deps ti=<TaskInstance: schema_matching_pipeline.generate_rq2_figures manual__2026-01-10T17:13:23.822404+00:00 [queued]>
[2026-01-10T17:15:28.304+0000] {taskinstance.py:1957} INFO - Dependencies all met for dep_context=requeueable deps ti=<TaskInstance: schema_matching_pipeline.generate_rq2_figures manual__2026-01-10T17:13:23.822404+00:00 [queued]>
[2026-01-10T17:15:28.305+0000] {taskinstance.py:2171} INFO - Starting attempt 1 of 2
[2026-01-10T17:15:28.369+0000] {taskinstance.py:2192} INFO - Executing <Task(PythonOperator): generate_rq2_figures> on 2026-01-10 17:13:23.822404+00:00
[2026-01-10T17:15:28.388+0000] {standard_task_runner.py:60} INFO - Started process 488 to run task
[2026-01-10T17:15:28.399+0000] {standard_task_runner.py:87} INFO - Running: ['***', 'tasks', 'run', 'schema_matching_pipeline', 'generate_rq2_figures', 'manual__2026-01-10T17:13:23.822404+00:00', '--job-id', '141', '--raw', '--subdir', 'DAGS_FOLDER/schema_matching_dag.py', '--cfg-path', '/tmp/tmpkry23gke']
[2026-01-10T17:15:28.410+0000] {standard_task_runner.py:88} INFO - Job 141: Subtask generate_rq2_figures
[2026-01-10T17:15:28.608+0000] {task_command.py:423} INFO - Running <TaskInstance: schema_matching_pipeline.generate_rq2_figures manual__2026-01-10T17:13:23.822404+00:00 [running]> on host 3d5bf5b10dcc
[2026-01-10T17:15:28.794+0000] {taskinstance.py:2481} INFO - Exporting env vars: AIRFLOW_CTX_DAG_OWNER='data-engineer' AIRFLOW_CTX_DAG_ID='schema_matching_pipeline' AIRFLOW_CTX_TASK_ID='generate_rq2_figures' AIRFLOW_CTX_EXECUTION_DATE='2026-01-10T17:13:23.822404+00:00' AIRFLOW_CTX_TRY_NUMBER='1' AIRFLOW_CTX_DAG_RUN_ID='manual__2026-01-10T17:13:23.822404+00:00'
[2026-01-10T17:15:36.876+0000] {logging_mixin.py:188} INFO - [OK] Saved figure: figures/RQ2_Fig1.pdf
[INFO] Lexical F1: 0.0000
[INFO] Best embedding: embedding_header_only (F1=0.0000)
[2026-01-10T17:15:42.402+0000] {logging_mixin.py:188} INFO - [OK] Saved figure: figures/RQ2_Fig2.pdf
[INFO] Labeled rows used: 900 | True matches: 0 | False matches: 900
[2026-01-10T17:15:42.717+0000] {logging_mixin.py:188} INFO - [OK] Saved figure: figures/RQ2_Fig3.pdf
[INFO] Precision@K values:
  - Lexical (Jaccard): K=10:0.000, K=20:0.000, K=50:0.000, K=100:0.000
  - Embedding (Header-only): K=10:0.000, K=20:0.000, K=50:0.000, K=100:0.000
  - Embedding (Header+Context): K=10:0.000, K=20:0.000, K=50:0.000, K=100:0.000
[2026-01-10T17:15:42.718+0000] {logging_mixin.py:188} INFO - ✓ RQ2 figures generated
[2026-01-10T17:15:42.719+0000] {python.py:201} INFO - Done. Returned value was: None
[2026-01-10T17:15:42.735+0000] {taskinstance.py:1138} INFO - Marking task as SUCCESS. dag_id=schema_matching_pipeline, task_id=generate_rq2_figures, execution_date=20260110T171323, start_date=20260110T171528, end_date=20260110T171542
[2026-01-10T17:15:42.811+0000] {local_task_job_runner.py:234} INFO - Task exited with return code 0
[2026-01-10T17:15:42.897+0000] {taskinstance.py:3281} INFO - 0 downstream tasks scheduled from follow-on schedule check
