[2026-01-10T09:43:13.592+0000] {taskinstance.py:1957} INFO - Dependencies all met for dep_context=non-requeueable deps ti=<TaskInstance: schema_matching_pipeline.normalize_schemas manual__2026-01-10T09:41:35.704387+00:00 [queued]>
[2026-01-10T09:43:13.604+0000] {taskinstance.py:1957} INFO - Dependencies all met for dep_context=requeueable deps ti=<TaskInstance: schema_matching_pipeline.normalize_schemas manual__2026-01-10T09:41:35.704387+00:00 [queued]>
[2026-01-10T09:43:13.605+0000] {taskinstance.py:2171} INFO - Starting attempt 1 of 2
[2026-01-10T09:43:13.626+0000] {taskinstance.py:2192} INFO - Executing <Task(PythonOperator): normalize_schemas> on 2026-01-10 09:41:35.704387+00:00
[2026-01-10T09:43:13.636+0000] {standard_task_runner.py:60} INFO - Started process 1439 to run task
[2026-01-10T09:43:13.641+0000] {standard_task_runner.py:87} INFO - Running: ['***', 'tasks', 'run', 'schema_matching_pipeline', 'normalize_schemas', 'manual__2026-01-10T09:41:35.704387+00:00', '--job-id', '31', '--raw', '--subdir', 'DAGS_FOLDER/schema_matching_dag.py', '--cfg-path', '/tmp/tmpxb6xobnp']
[2026-01-10T09:43:13.647+0000] {standard_task_runner.py:88} INFO - Job 31: Subtask normalize_schemas
[2026-01-10T09:43:13.740+0000] {task_command.py:423} INFO - Running <TaskInstance: schema_matching_pipeline.normalize_schemas manual__2026-01-10T09:41:35.704387+00:00 [running]> on host 205f0f24a8e9
[2026-01-10T09:43:13.865+0000] {taskinstance.py:2481} INFO - Exporting env vars: AIRFLOW_CTX_DAG_OWNER='data-engineer' AIRFLOW_CTX_DAG_ID='schema_matching_pipeline' AIRFLOW_CTX_TASK_ID='normalize_schemas' AIRFLOW_CTX_EXECUTION_DATE='2026-01-10T09:41:35.704387+00:00' AIRFLOW_CTX_TRY_NUMBER='1' AIRFLOW_CTX_DAG_RUN_ID='manual__2026-01-10T09:41:35.704387+00:00'
[2026-01-10T09:43:13.868+0000] {logging_mixin.py:188} INFO - Normalizing schemas for chicago...
[2026-01-10T09:43:14.845+0000] {logging_mixin.py:188} INFO - [OK] Normalized schema saved: data/sample/chicago_schema_normalized.csv
[INFO] Rows: 23
[INFO] Empty normalized names: 0
[INFO] Duplicate normalized names: 0
[2026-01-10T09:43:14.846+0000] {logging_mixin.py:188} INFO - Normalizing schemas for sf...
[2026-01-10T09:43:15.812+0000] {logging_mixin.py:188} INFO - [OK] Normalized schema saved: data/sample/sf_schema_normalized.csv
[INFO] Rows: 35
[INFO] Empty normalized names: 0
[INFO] Duplicate normalized names: 0
[2026-01-10T09:43:15.817+0000] {logging_mixin.py:188} INFO - Normalizing schemas for la...
[2026-01-10T09:43:16.852+0000] {logging_mixin.py:188} INFO - [OK] Normalized schema saved: data/sample/la_schema_normalized.csv
[INFO] Rows: 26
[INFO] Empty normalized names: 0
[INFO] Duplicate normalized names: 0
[2026-01-10T09:43:16.852+0000] {logging_mixin.py:188} INFO - ✓ Schemas normalized for all datasets
[2026-01-10T09:43:16.853+0000] {python.py:201} INFO - Done. Returned value was: None
[2026-01-10T09:43:16.872+0000] {taskinstance.py:1138} INFO - Marking task as SUCCESS. dag_id=schema_matching_pipeline, task_id=normalize_schemas, execution_date=20260110T094135, start_date=20260110T094313, end_date=20260110T094316
[2026-01-10T09:43:16.940+0000] {local_task_job_runner.py:234} INFO - Task exited with return code 0
[2026-01-10T09:43:17.002+0000] {taskinstance.py:3281} INFO - 1 downstream tasks scheduled from follow-on schedule check
