[2026-01-10T16:57:16.582+0000] {taskinstance.py:1957} INFO - Dependencies all met for dep_context=non-requeueable deps ti=<TaskInstance: schema_matching_pipeline.profile_schemas manual__2026-01-10T16:57:07.185840+00:00 [queued]>
[2026-01-10T16:57:16.603+0000] {taskinstance.py:1957} INFO - Dependencies all met for dep_context=requeueable deps ti=<TaskInstance: schema_matching_pipeline.profile_schemas manual__2026-01-10T16:57:07.185840+00:00 [queued]>
[2026-01-10T16:57:16.604+0000] {taskinstance.py:2171} INFO - Starting attempt 1 of 2
[2026-01-10T16:57:16.641+0000] {taskinstance.py:2192} INFO - Executing <Task(PythonOperator): profile_schemas> on 2026-01-10 16:57:07.185840+00:00
[2026-01-10T16:57:16.653+0000] {standard_task_runner.py:60} INFO - Started process 256 to run task
[2026-01-10T16:57:16.661+0000] {standard_task_runner.py:87} INFO - Running: ['***', 'tasks', 'run', 'schema_matching_pipeline', 'profile_schemas', 'manual__2026-01-10T16:57:07.185840+00:00', '--job-id', '114', '--raw', '--subdir', 'DAGS_FOLDER/schema_matching_dag.py', '--cfg-path', '/tmp/tmpo2mo8816']
[2026-01-10T16:57:16.671+0000] {standard_task_runner.py:88} INFO - Job 114: Subtask profile_schemas
[2026-01-10T16:57:16.827+0000] {task_command.py:423} INFO - Running <TaskInstance: schema_matching_pipeline.profile_schemas manual__2026-01-10T16:57:07.185840+00:00 [running]> on host 3d5bf5b10dcc
[2026-01-10T16:57:17.001+0000] {taskinstance.py:2481} INFO - Exporting env vars: AIRFLOW_CTX_DAG_OWNER='data-engineer' AIRFLOW_CTX_DAG_ID='schema_matching_pipeline' AIRFLOW_CTX_TASK_ID='profile_schemas' AIRFLOW_CTX_EXECUTION_DATE='2026-01-10T16:57:07.185840+00:00' AIRFLOW_CTX_TRY_NUMBER='1' AIRFLOW_CTX_DAG_RUN_ID='manual__2026-01-10T16:57:07.185840+00:00'
[2026-01-10T16:57:17.004+0000] {logging_mixin.py:188} INFO - Profiling schemas for chicago...
[2026-01-10T16:57:42.135+0000] {logging_mixin.py:188} INFO - [OK] Saved schema profile: data/sample/chicago_schema_sample.csv
[INFO] Columns profiled: 23
[INFO] Metadata attached: 0 columns
[2026-01-10T16:57:42.137+0000] {logging_mixin.py:188} INFO - Profiling schemas for sf...
[2026-01-10T16:58:13.699+0000] {logging_mixin.py:188} INFO - [OK] Saved schema profile: data/sample/sf_schema_sample.csv
[INFO] Columns profiled: 35
[INFO] Metadata attached: 2 columns
[2026-01-10T16:58:13.700+0000] {logging_mixin.py:188} INFO - Profiling schemas for la...
[2026-01-10T16:58:37.993+0000] {logging_mixin.py:188} INFO - [OK] Saved schema profile: data/sample/la_schema_sample.csv
[INFO] Columns profiled: 26
[INFO] Metadata attached: 5 columns
[2026-01-10T16:58:37.995+0000] {logging_mixin.py:188} INFO - ✓ Schema profiling completed for all datasets
[2026-01-10T16:58:37.996+0000] {python.py:201} INFO - Done. Returned value was: None
[2026-01-10T16:58:38.023+0000] {taskinstance.py:1138} INFO - Marking task as SUCCESS. dag_id=schema_matching_pipeline, task_id=profile_schemas, execution_date=20260110T165707, start_date=20260110T165716, end_date=20260110T165838
[2026-01-10T16:58:38.102+0000] {local_task_job_runner.py:234} INFO - Task exited with return code 0
[2026-01-10T16:58:38.162+0000] {taskinstance.py:3281} INFO - 1 downstream tasks scheduled from follow-on schedule check
