[2026-01-10T09:34:20.419+0000] {taskinstance.py:1957} INFO - Dependencies all met for dep_context=non-requeueable deps ti=<TaskInstance: schema_matching_pipeline.normalize_schemas manual__2026-01-10T09:27:38.628232+00:00 [queued]>
[2026-01-10T09:34:20.430+0000] {taskinstance.py:1957} INFO - Dependencies all met for dep_context=requeueable deps ti=<TaskInstance: schema_matching_pipeline.normalize_schemas manual__2026-01-10T09:27:38.628232+00:00 [queued]>
[2026-01-10T09:34:20.431+0000] {taskinstance.py:2171} INFO - Starting attempt 1 of 2
[2026-01-10T09:34:20.451+0000] {taskinstance.py:2192} INFO - Executing <Task(PythonOperator): normalize_schemas> on 2026-01-10 09:27:38.628232+00:00
[2026-01-10T09:34:20.458+0000] {standard_task_runner.py:60} INFO - Started process 854 to run task
[2026-01-10T09:34:20.464+0000] {standard_task_runner.py:87} INFO - Running: ['***', 'tasks', 'run', 'schema_matching_pipeline', 'normalize_schemas', 'manual__2026-01-10T09:27:38.628232+00:00', '--job-id', '14', '--raw', '--subdir', 'DAGS_FOLDER/schema_matching_dag.py', '--cfg-path', '/tmp/tmpnsfxl01z']
[2026-01-10T09:34:20.469+0000] {standard_task_runner.py:88} INFO - Job 14: Subtask normalize_schemas
[2026-01-10T09:34:20.565+0000] {task_command.py:423} INFO - Running <TaskInstance: schema_matching_pipeline.normalize_schemas manual__2026-01-10T09:27:38.628232+00:00 [running]> on host 205f0f24a8e9
[2026-01-10T09:34:20.688+0000] {taskinstance.py:2481} INFO - Exporting env vars: AIRFLOW_CTX_DAG_OWNER='data-engineer' AIRFLOW_CTX_DAG_ID='schema_matching_pipeline' AIRFLOW_CTX_TASK_ID='normalize_schemas' AIRFLOW_CTX_EXECUTION_DATE='2026-01-10T09:27:38.628232+00:00' AIRFLOW_CTX_TRY_NUMBER='1' AIRFLOW_CTX_DAG_RUN_ID='manual__2026-01-10T09:27:38.628232+00:00'
[2026-01-10T09:34:20.690+0000] {logging_mixin.py:188} INFO - Normalizing schemas for chicago...
[2026-01-10T09:34:19.279+0000] {logging_mixin.py:188} INFO - [OK] Normalized schema saved: data/sample/chicago_schema_normalized.csv
[INFO] Rows: 23
[INFO] Empty normalized names: 0
[INFO] Duplicate normalized names: 0
[2026-01-10T09:34:19.279+0000] {logging_mixin.py:188} INFO - Normalizing schemas for sf...
[2026-01-10T09:34:20.135+0000] {logging_mixin.py:188} INFO - [OK] Normalized schema saved: data/sample/sf_schema_normalized.csv
[INFO] Rows: 35
[INFO] Empty normalized names: 0
[INFO] Duplicate normalized names: 0
[2026-01-10T09:34:20.136+0000] {logging_mixin.py:188} INFO - Normalizing schemas for la...
[2026-01-10T09:34:20.918+0000] {logging_mixin.py:188} INFO - [OK] Normalized schema saved: data/sample/la_schema_normalized.csv
[INFO] Rows: 26
[INFO] Empty normalized names: 0
[INFO] Duplicate normalized names: 0
[2026-01-10T09:34:20.918+0000] {logging_mixin.py:188} INFO - ✓ Schemas normalized for all datasets
[2026-01-10T09:34:20.919+0000] {python.py:201} INFO - Done. Returned value was: None
[2026-01-10T09:34:20.934+0000] {taskinstance.py:1138} INFO - Marking task as SUCCESS. dag_id=schema_matching_pipeline, task_id=normalize_schemas, execution_date=20260110T092738, start_date=20260110T093420, end_date=20260110T093420
[2026-01-10T09:34:21.005+0000] {local_task_job_runner.py:234} INFO - Task exited with return code 0
[2026-01-10T09:34:21.048+0000] {taskinstance.py:3281} INFO - 1 downstream tasks scheduled from follow-on schedule check
