[2026-01-10T10:10:15.287+0000] {taskinstance.py:1957} INFO - Dependencies all met for dep_context=non-requeueable deps ti=<TaskInstance: schema_matching_pipeline.profile_schemas manual__2026-01-10T10:09:52+00:00 [queued]>
[2026-01-10T10:10:15.309+0000] {taskinstance.py:1957} INFO - Dependencies all met for dep_context=requeueable deps ti=<TaskInstance: schema_matching_pipeline.profile_schemas manual__2026-01-10T10:09:52+00:00 [queued]>
[2026-01-10T10:10:15.310+0000] {taskinstance.py:2171} INFO - Starting attempt 1 of 2
[2026-01-10T10:10:15.344+0000] {taskinstance.py:2192} INFO - Executing <Task(PythonOperator): profile_schemas> on 2026-01-10 10:09:52+00:00
[2026-01-10T10:10:15.364+0000] {standard_task_runner.py:60} INFO - Started process 1043 to run task
[2026-01-10T10:10:15.375+0000] {standard_task_runner.py:87} INFO - Running: ['***', 'tasks', 'run', 'schema_matching_pipeline', 'profile_schemas', 'manual__2026-01-10T10:09:52+00:00', '--job-id', '60', '--raw', '--subdir', 'DAGS_FOLDER/schema_matching_dag.py', '--cfg-path', '/tmp/tmp5xs3mszq']
[2026-01-10T10:10:15.383+0000] {standard_task_runner.py:88} INFO - Job 60: Subtask profile_schemas
[2026-01-10T10:10:15.628+0000] {task_command.py:423} INFO - Running <TaskInstance: schema_matching_pipeline.profile_schemas manual__2026-01-10T10:09:52+00:00 [running]> on host 205f0f24a8e9
[2026-01-10T10:10:15.841+0000] {taskinstance.py:2481} INFO - Exporting env vars: AIRFLOW_CTX_DAG_OWNER='data-engineer' AIRFLOW_CTX_DAG_ID='schema_matching_pipeline' AIRFLOW_CTX_TASK_ID='profile_schemas' AIRFLOW_CTX_EXECUTION_DATE='2026-01-10T10:09:52+00:00' AIRFLOW_CTX_TRY_NUMBER='1' AIRFLOW_CTX_DAG_RUN_ID='manual__2026-01-10T10:09:52+00:00'
[2026-01-10T10:10:15.846+0000] {logging_mixin.py:188} INFO - Profiling schemas for chicago...
[2026-01-10T10:10:39.906+0000] {logging_mixin.py:188} INFO - [OK] Saved schema profile: data/sample/chicago_schema_sample.csv
[INFO] Columns profiled: 23
[INFO] Metadata attached: 0 columns
[2026-01-10T10:10:39.908+0000] {logging_mixin.py:188} INFO - Profiling schemas for sf...
[2026-01-10T10:11:18.023+0000] {logging_mixin.py:188} INFO - [OK] Saved schema profile: data/sample/sf_schema_sample.csv
[INFO] Columns profiled: 35
[INFO] Metadata attached: 2 columns
[2026-01-10T10:11:18.024+0000] {logging_mixin.py:188} INFO - Profiling schemas for la...
[2026-01-10T10:11:45.808+0000] {logging_mixin.py:188} INFO - [OK] Saved schema profile: data/sample/la_schema_sample.csv
[INFO] Columns profiled: 26
[INFO] Metadata attached: 5 columns
[2026-01-10T10:11:45.810+0000] {logging_mixin.py:188} INFO - ✓ Schema profiling completed for all datasets
[2026-01-10T10:11:45.811+0000] {python.py:201} INFO - Done. Returned value was: None
[2026-01-10T10:11:45.835+0000] {taskinstance.py:1138} INFO - Marking task as SUCCESS. dag_id=schema_matching_pipeline, task_id=profile_schemas, execution_date=20260110T100952, start_date=20260110T101015, end_date=20260110T101145
[2026-01-10T10:11:45.878+0000] {local_task_job_runner.py:234} INFO - Task exited with return code 0
[2026-01-10T10:11:45.939+0000] {taskinstance.py:3281} INFO - 1 downstream tasks scheduled from follow-on schedule check
