[2026-01-10T09:36:05.955+0000] {taskinstance.py:1957} INFO - Dependencies all met for dep_context=non-requeueable deps ti=<TaskInstance: schema_matching_pipeline.expand_abbreviations manual__2026-01-10T09:24:10.699998+00:00 [queued]>
[2026-01-10T09:36:05.968+0000] {taskinstance.py:1957} INFO - Dependencies all met for dep_context=requeueable deps ti=<TaskInstance: schema_matching_pipeline.expand_abbreviations manual__2026-01-10T09:24:10.699998+00:00 [queued]>
[2026-01-10T09:36:05.969+0000] {taskinstance.py:2171} INFO - Starting attempt 2 of 2
[2026-01-10T09:36:05.988+0000] {taskinstance.py:2192} INFO - Executing <Task(PythonOperator): expand_abbreviations> on 2026-01-10 09:24:10.699998+00:00
[2026-01-10T09:36:05.998+0000] {standard_task_runner.py:60} INFO - Started process 964 to run task
[2026-01-10T09:36:06.004+0000] {standard_task_runner.py:87} INFO - Running: ['***', 'tasks', 'run', 'schema_matching_pipeline', 'expand_abbreviations', 'manual__2026-01-10T09:24:10.699998+00:00', '--job-id', '17', '--raw', '--subdir', 'DAGS_FOLDER/schema_matching_dag.py', '--cfg-path', '/tmp/tmpmogo04xh']
[2026-01-10T09:36:06.009+0000] {standard_task_runner.py:88} INFO - Job 17: Subtask expand_abbreviations
[2026-01-10T09:36:06.132+0000] {task_command.py:423} INFO - Running <TaskInstance: schema_matching_pipeline.expand_abbreviations manual__2026-01-10T09:24:10.699998+00:00 [running]> on host 205f0f24a8e9
[2026-01-10T09:36:06.275+0000] {taskinstance.py:2481} INFO - Exporting env vars: AIRFLOW_CTX_DAG_OWNER='data-engineer' AIRFLOW_CTX_DAG_ID='schema_matching_pipeline' AIRFLOW_CTX_TASK_ID='expand_abbreviations' AIRFLOW_CTX_EXECUTION_DATE='2026-01-10T09:24:10.699998+00:00' AIRFLOW_CTX_TRY_NUMBER='2' AIRFLOW_CTX_DAG_RUN_ID='manual__2026-01-10T09:24:10.699998+00:00'
[2026-01-10T09:36:06.279+0000] {logging_mixin.py:188} INFO - Expanding abbreviations for chicago...
[2026-01-10T09:36:07.250+0000] {logging_mixin.py:188} INFO - [OK] Abbreviation-expanded schema saved: data/sample/chicago_schema_expanded.csv
[INFO] Columns expanded: 3
[2026-01-10T09:36:07.251+0000] {logging_mixin.py:188} INFO - Expanding abbreviations for sf...
[2026-01-10T09:36:08.078+0000] {logging_mixin.py:188} INFO - [OK] Abbreviation-expanded schema saved: data/sample/sf_schema_expanded.csv
[INFO] Columns expanded: 1
[2026-01-10T09:36:08.079+0000] {logging_mixin.py:188} INFO - Expanding abbreviations for la...
[2026-01-10T09:36:08.934+0000] {logging_mixin.py:188} INFO - [OK] Abbreviation-expanded schema saved: data/sample/la_schema_expanded.csv
[INFO] Columns expanded: 0
[2026-01-10T09:36:08.935+0000] {logging_mixin.py:188} INFO - ✓ Abbreviations expanded in all schemas
[2026-01-10T09:36:08.935+0000] {python.py:201} INFO - Done. Returned value was: None
[2026-01-10T09:36:08.955+0000] {taskinstance.py:1138} INFO - Marking task as SUCCESS. dag_id=schema_matching_pipeline, task_id=expand_abbreviations, execution_date=20260110T092410, start_date=20260110T093605, end_date=20260110T093608
[2026-01-10T09:36:08.991+0000] {local_task_job_runner.py:234} INFO - Task exited with return code 0
[2026-01-10T09:36:09.033+0000] {taskinstance.py:3281} INFO - 1 downstream tasks scheduled from follow-on schedule check
