[2026-01-10T09:29:35.352+0000] {taskinstance.py:1957} INFO - Dependencies all met for dep_context=non-requeueable deps ti=<TaskInstance: schema_matching_pipeline.profile_schemas manual__2026-01-10T09:24:10.699998+00:00 [queued]>
[2026-01-10T09:29:35.365+0000] {taskinstance.py:1957} INFO - Dependencies all met for dep_context=requeueable deps ti=<TaskInstance: schema_matching_pipeline.profile_schemas manual__2026-01-10T09:24:10.699998+00:00 [queued]>
[2026-01-10T09:29:35.366+0000] {taskinstance.py:2171} INFO - Starting attempt 2 of 2
[2026-01-10T09:29:35.388+0000] {taskinstance.py:2192} INFO - Executing <Task(PythonOperator): profile_schemas> on 2026-01-10 09:24:10.699998+00:00
[2026-01-10T09:29:35.397+0000] {standard_task_runner.py:60} INFO - Started process 606 to run task
[2026-01-10T09:29:35.404+0000] {standard_task_runner.py:87} INFO - Running: ['***', 'tasks', 'run', 'schema_matching_pipeline', 'profile_schemas', 'manual__2026-01-10T09:24:10.699998+00:00', '--job-id', '9', '--raw', '--subdir', 'DAGS_FOLDER/schema_matching_dag.py', '--cfg-path', '/tmp/tmps5ywfcji']
[2026-01-10T09:29:35.409+0000] {standard_task_runner.py:88} INFO - Job 9: Subtask profile_schemas
[2026-01-10T09:29:35.518+0000] {task_command.py:423} INFO - Running <TaskInstance: schema_matching_pipeline.profile_schemas manual__2026-01-10T09:24:10.699998+00:00 [running]> on host 205f0f24a8e9
[2026-01-10T09:29:35.652+0000] {taskinstance.py:2481} INFO - Exporting env vars: AIRFLOW_CTX_DAG_OWNER='data-engineer' AIRFLOW_CTX_DAG_ID='schema_matching_pipeline' AIRFLOW_CTX_TASK_ID='profile_schemas' AIRFLOW_CTX_EXECUTION_DATE='2026-01-10T09:24:10.699998+00:00' AIRFLOW_CTX_TRY_NUMBER='2' AIRFLOW_CTX_DAG_RUN_ID='manual__2026-01-10T09:24:10.699998+00:00'
[2026-01-10T09:29:35.656+0000] {logging_mixin.py:188} INFO - Profiling schemas for chicago...
[2026-01-10T09:29:53.859+0000] {logging_mixin.py:188} INFO - [OK] Saved schema profile: data/sample/chicago_schema_sample.csv
[INFO] Columns profiled: 23
[INFO] Metadata attached: 0 columns
[2026-01-10T09:29:53.860+0000] {logging_mixin.py:188} INFO - Profiling schemas for sf...
[2026-01-10T09:30:26.178+0000] {logging_mixin.py:188} INFO - [OK] Saved schema profile: data/sample/sf_schema_sample.csv
[INFO] Columns profiled: 35
[INFO] Metadata attached: 2 columns
[2026-01-10T09:30:26.180+0000] {logging_mixin.py:188} INFO - Profiling schemas for la...
[2026-01-10T09:30:54.842+0000] {logging_mixin.py:188} INFO - [OK] Saved schema profile: data/sample/la_schema_sample.csv
[INFO] Columns profiled: 26
[INFO] Metadata attached: 5 columns
[2026-01-10T09:30:54.844+0000] {logging_mixin.py:188} INFO - ✓ Schema profiling completed for all datasets
[2026-01-10T09:30:54.846+0000] {python.py:201} INFO - Done. Returned value was: None
[2026-01-10T09:30:54.916+0000] {taskinstance.py:1138} INFO - Marking task as SUCCESS. dag_id=schema_matching_pipeline, task_id=profile_schemas, execution_date=20260110T092410, start_date=20260110T092935, end_date=20260110T093054
[2026-01-10T09:30:55.026+0000] {local_task_job_runner.py:234} INFO - Task exited with return code 0
[2026-01-10T09:30:55.157+0000] {taskinstance.py:3281} INFO - 0 downstream tasks scheduled from follow-on schedule check
