[2026-01-10T17:14:54.237+0000] {taskinstance.py:1957} INFO - Dependencies all met for dep_context=non-requeueable deps ti=<TaskInstance: schema_matching_pipeline.normalize_schemas manual__2026-01-10T17:13:23.822404+00:00 [queued]>
[2026-01-10T17:14:54.249+0000] {taskinstance.py:1957} INFO - Dependencies all met for dep_context=requeueable deps ti=<TaskInstance: schema_matching_pipeline.normalize_schemas manual__2026-01-10T17:13:23.822404+00:00 [queued]>
[2026-01-10T17:14:54.250+0000] {taskinstance.py:2171} INFO - Starting attempt 1 of 2
[2026-01-10T17:14:54.271+0000] {taskinstance.py:2192} INFO - Executing <Task(PythonOperator): normalize_schemas> on 2026-01-10 17:13:23.822404+00:00
[2026-01-10T17:14:54.281+0000] {standard_task_runner.py:60} INFO - Started process 308 to run task
[2026-01-10T17:14:54.287+0000] {standard_task_runner.py:87} INFO - Running: ['***', 'tasks', 'run', 'schema_matching_pipeline', 'normalize_schemas', 'manual__2026-01-10T17:13:23.822404+00:00', '--job-id', '130', '--raw', '--subdir', 'DAGS_FOLDER/schema_matching_dag.py', '--cfg-path', '/tmp/tmp5r1iqb02']
[2026-01-10T17:14:54.292+0000] {standard_task_runner.py:88} INFO - Job 130: Subtask normalize_schemas
[2026-01-10T17:14:54.389+0000] {task_command.py:423} INFO - Running <TaskInstance: schema_matching_pipeline.normalize_schemas manual__2026-01-10T17:13:23.822404+00:00 [running]> on host 3d5bf5b10dcc
[2026-01-10T17:14:54.502+0000] {taskinstance.py:2481} INFO - Exporting env vars: AIRFLOW_CTX_DAG_OWNER='data-engineer' AIRFLOW_CTX_DAG_ID='schema_matching_pipeline' AIRFLOW_CTX_TASK_ID='normalize_schemas' AIRFLOW_CTX_EXECUTION_DATE='2026-01-10T17:13:23.822404+00:00' AIRFLOW_CTX_TRY_NUMBER='1' AIRFLOW_CTX_DAG_RUN_ID='manual__2026-01-10T17:13:23.822404+00:00'
[2026-01-10T17:14:54.504+0000] {logging_mixin.py:188} INFO - Normalizing schemas for chicago...
[2026-01-10T17:14:55.407+0000] {logging_mixin.py:188} INFO - [OK] Normalized schema saved: data/sample/chicago_schema_normalized.csv
[INFO] Rows: 23
[INFO] Empty normalized names: 0
[INFO] Duplicate normalized names: 0
[2026-01-10T17:14:55.408+0000] {logging_mixin.py:188} INFO - Normalizing schemas for sf...
[2026-01-10T17:14:56.566+0000] {logging_mixin.py:188} INFO - [OK] Normalized schema saved: data/sample/sf_schema_normalized.csv
[INFO] Rows: 35
[INFO] Empty normalized names: 0
[INFO] Duplicate normalized names: 0
[2026-01-10T17:14:56.567+0000] {logging_mixin.py:188} INFO - Normalizing schemas for la...
[2026-01-10T17:14:57.418+0000] {logging_mixin.py:188} INFO - [OK] Normalized schema saved: data/sample/la_schema_normalized.csv
[INFO] Rows: 26
[INFO] Empty normalized names: 0
[INFO] Duplicate normalized names: 0
[2026-01-10T17:14:57.419+0000] {logging_mixin.py:188} INFO - ✓ Schemas normalized for all datasets
[2026-01-10T17:14:57.420+0000] {python.py:201} INFO - Done. Returned value was: None
[2026-01-10T17:14:57.433+0000] {taskinstance.py:1138} INFO - Marking task as SUCCESS. dag_id=schema_matching_pipeline, task_id=normalize_schemas, execution_date=20260110T171323, start_date=20260110T171454, end_date=20260110T171457
[2026-01-10T17:14:57.486+0000] {local_task_job_runner.py:234} INFO - Task exited with return code 0
[2026-01-10T17:14:57.531+0000] {taskinstance.py:3281} INFO - 1 downstream tasks scheduled from follow-on schedule check
