[2026-01-10T17:14:50.541+0000] {taskinstance.py:1957} INFO - Dependencies all met for dep_context=non-requeueable deps ti=<TaskInstance: schema_matching_pipeline.expand_abbreviations manual__2026-01-10T17:13:23.822404+00:00 [queued]>
[2026-01-10T17:14:50.564+0000] {taskinstance.py:1957} INFO - Dependencies all met for dep_context=requeueable deps ti=<TaskInstance: schema_matching_pipeline.expand_abbreviations manual__2026-01-10T17:13:23.822404+00:00 [queued]>
[2026-01-10T17:14:50.565+0000] {taskinstance.py:2171} INFO - Starting attempt 1 of 2
[2026-01-10T17:14:50.592+0000] {taskinstance.py:2192} INFO - Executing <Task(PythonOperator): expand_abbreviations> on 2026-01-10 17:13:23.822404+00:00
[2026-01-10T17:14:50.602+0000] {standard_task_runner.py:60} INFO - Started process 279 to run task
[2026-01-10T17:14:50.611+0000] {standard_task_runner.py:87} INFO - Running: ['***', 'tasks', 'run', 'schema_matching_pipeline', 'expand_abbreviations', 'manual__2026-01-10T17:13:23.822404+00:00', '--job-id', '129', '--raw', '--subdir', 'DAGS_FOLDER/schema_matching_dag.py', '--cfg-path', '/tmp/tmpmrpti67i']
[2026-01-10T17:14:50.622+0000] {standard_task_runner.py:88} INFO - Job 129: Subtask expand_abbreviations
[2026-01-10T17:14:50.767+0000] {task_command.py:423} INFO - Running <TaskInstance: schema_matching_pipeline.expand_abbreviations manual__2026-01-10T17:13:23.822404+00:00 [running]> on host 3d5bf5b10dcc
[2026-01-10T17:14:50.911+0000] {taskinstance.py:2481} INFO - Exporting env vars: AIRFLOW_CTX_DAG_OWNER='data-engineer' AIRFLOW_CTX_DAG_ID='schema_matching_pipeline' AIRFLOW_CTX_TASK_ID='expand_abbreviations' AIRFLOW_CTX_EXECUTION_DATE='2026-01-10T17:13:23.822404+00:00' AIRFLOW_CTX_TRY_NUMBER='1' AIRFLOW_CTX_DAG_RUN_ID='manual__2026-01-10T17:13:23.822404+00:00'
[2026-01-10T17:14:50.913+0000] {logging_mixin.py:188} INFO - Expanding abbreviations for chicago...
[2026-01-10T17:14:51.882+0000] {logging_mixin.py:188} INFO - [OK] Abbreviation-expanded schema saved: data/sample/chicago_schema_expanded.csv
[INFO] Columns expanded: 3
[2026-01-10T17:14:51.883+0000] {logging_mixin.py:188} INFO - Expanding abbreviations for sf...
[2026-01-10T17:14:52.731+0000] {logging_mixin.py:188} INFO - [OK] Abbreviation-expanded schema saved: data/sample/sf_schema_expanded.csv
[INFO] Columns expanded: 1
[2026-01-10T17:14:52.732+0000] {logging_mixin.py:188} INFO - Expanding abbreviations for la...
[2026-01-10T17:14:53.595+0000] {logging_mixin.py:188} INFO - [OK] Abbreviation-expanded schema saved: data/sample/la_schema_expanded.csv
[INFO] Columns expanded: 0
[2026-01-10T17:14:53.596+0000] {logging_mixin.py:188} INFO - ✓ Abbreviations expanded in all schemas
[2026-01-10T17:14:53.597+0000] {python.py:201} INFO - Done. Returned value was: None
[2026-01-10T17:14:53.610+0000] {taskinstance.py:1138} INFO - Marking task as SUCCESS. dag_id=schema_matching_pipeline, task_id=expand_abbreviations, execution_date=20260110T171323, start_date=20260110T171450, end_date=20260110T171453
[2026-01-10T17:14:53.679+0000] {local_task_job_runner.py:234} INFO - Task exited with return code 0
[2026-01-10T17:14:53.744+0000] {taskinstance.py:3281} INFO - 0 downstream tasks scheduled from follow-on schedule check
