[2026-01-10T09:43:18.259+0000] {taskinstance.py:1957} INFO - Dependencies all met for dep_context=non-requeueable deps ti=<TaskInstance: schema_matching_pipeline.create_final_schema_table manual__2026-01-10T09:41:35.704387+00:00 [queued]>
[2026-01-10T09:43:18.281+0000] {taskinstance.py:1957} INFO - Dependencies all met for dep_context=requeueable deps ti=<TaskInstance: schema_matching_pipeline.create_final_schema_table manual__2026-01-10T09:41:35.704387+00:00 [queued]>
[2026-01-10T09:43:18.282+0000] {taskinstance.py:2171} INFO - Starting attempt 1 of 2
[2026-01-10T09:43:18.308+0000] {taskinstance.py:2192} INFO - Executing <Task(PythonOperator): create_final_schema_table> on 2026-01-10 09:41:35.704387+00:00
[2026-01-10T09:43:18.317+0000] {standard_task_runner.py:60} INFO - Started process 1468 to run task
[2026-01-10T09:43:18.324+0000] {standard_task_runner.py:87} INFO - Running: ['***', 'tasks', 'run', 'schema_matching_pipeline', 'create_final_schema_table', 'manual__2026-01-10T09:41:35.704387+00:00', '--job-id', '32', '--raw', '--subdir', 'DAGS_FOLDER/schema_matching_dag.py', '--cfg-path', '/tmp/tmpdjptut7h']
[2026-01-10T09:43:18.331+0000] {standard_task_runner.py:88} INFO - Job 32: Subtask create_final_schema_table
[2026-01-10T09:43:18.473+0000] {task_command.py:423} INFO - Running <TaskInstance: schema_matching_pipeline.create_final_schema_table manual__2026-01-10T09:41:35.704387+00:00 [running]> on host 205f0f24a8e9
[2026-01-10T09:43:18.608+0000] {taskinstance.py:2481} INFO - Exporting env vars: AIRFLOW_CTX_DAG_OWNER='data-engineer' AIRFLOW_CTX_DAG_ID='schema_matching_pipeline' AIRFLOW_CTX_TASK_ID='create_final_schema_table' AIRFLOW_CTX_EXECUTION_DATE='2026-01-10T09:41:35.704387+00:00' AIRFLOW_CTX_TRY_NUMBER='1' AIRFLOW_CTX_DAG_RUN_ID='manual__2026-01-10T09:41:35.704387+00:00'
[2026-01-10T09:43:18.611+0000] {logging_mixin.py:188} INFO - Creating final schema table for chicago...
[2026-01-10T09:43:19.519+0000] {logging_mixin.py:188} INFO - [OK] Final cleaned schema saved: data/sample/chicago_schema_final.csv
[INFO] Columns in final schema: 23
[2026-01-10T09:43:19.520+0000] {logging_mixin.py:188} INFO - Creating final schema table for sf...
[2026-01-10T09:43:20.600+0000] {logging_mixin.py:188} INFO - [OK] Final cleaned schema saved: data/sample/sf_schema_final.csv
[INFO] Columns in final schema: 35
[2026-01-10T09:43:20.601+0000] {logging_mixin.py:188} INFO - Creating final schema table for la...
[2026-01-10T09:43:21.742+0000] {logging_mixin.py:188} INFO - [OK] Final cleaned schema saved: data/sample/la_schema_final.csv
[INFO] Columns in final schema: 26
[2026-01-10T09:43:21.743+0000] {logging_mixin.py:188} INFO - ✓ Final schema table created
[2026-01-10T09:43:21.744+0000] {python.py:201} INFO - Done. Returned value was: None
[2026-01-10T09:43:21.761+0000] {taskinstance.py:1138} INFO - Marking task as SUCCESS. dag_id=schema_matching_pipeline, task_id=create_final_schema_table, execution_date=20260110T094135, start_date=20260110T094318, end_date=20260110T094321
[2026-01-10T09:43:21.802+0000] {local_task_job_runner.py:234} INFO - Task exited with return code 0
[2026-01-10T09:43:21.854+0000] {taskinstance.py:3281} INFO - 1 downstream tasks scheduled from follow-on schedule check
