[2026-01-10T12:14:34.058+0000] {taskinstance.py:1957} INFO - Dependencies all met for dep_context=non-requeueable deps ti=<TaskInstance: schema_matching_pipeline.expand_abbreviations manual__2026-01-10T12:12:32.957283+00:00 [queued]>
[2026-01-10T12:14:34.071+0000] {taskinstance.py:1957} INFO - Dependencies all met for dep_context=requeueable deps ti=<TaskInstance: schema_matching_pipeline.expand_abbreviations manual__2026-01-10T12:12:32.957283+00:00 [queued]>
[2026-01-10T12:14:34.072+0000] {taskinstance.py:2171} INFO - Starting attempt 1 of 2
[2026-01-10T12:14:34.096+0000] {taskinstance.py:2192} INFO - Executing <Task(PythonOperator): expand_abbreviations> on 2026-01-10 12:12:32.957283+00:00
[2026-01-10T12:14:34.106+0000] {standard_task_runner.py:60} INFO - Started process 358 to run task
[2026-01-10T12:14:34.114+0000] {standard_task_runner.py:87} INFO - Running: ['***', 'tasks', 'run', 'schema_matching_pipeline', 'expand_abbreviations', 'manual__2026-01-10T12:12:32.957283+00:00', '--job-id', '103', '--raw', '--subdir', 'DAGS_FOLDER/schema_matching_dag.py', '--cfg-path', '/tmp/tmpd3jy8ksy']
[2026-01-10T12:14:34.121+0000] {standard_task_runner.py:88} INFO - Job 103: Subtask expand_abbreviations
[2026-01-10T12:14:34.279+0000] {task_command.py:423} INFO - Running <TaskInstance: schema_matching_pipeline.expand_abbreviations manual__2026-01-10T12:12:32.957283+00:00 [running]> on host 66d0fe2fcb06
[2026-01-10T12:14:34.499+0000] {taskinstance.py:2481} INFO - Exporting env vars: AIRFLOW_CTX_DAG_OWNER='data-engineer' AIRFLOW_CTX_DAG_ID='schema_matching_pipeline' AIRFLOW_CTX_TASK_ID='expand_abbreviations' AIRFLOW_CTX_EXECUTION_DATE='2026-01-10T12:12:32.957283+00:00' AIRFLOW_CTX_TRY_NUMBER='1' AIRFLOW_CTX_DAG_RUN_ID='manual__2026-01-10T12:12:32.957283+00:00'
[2026-01-10T12:14:34.505+0000] {logging_mixin.py:188} INFO - Expanding abbreviations for chicago...
[2026-01-10T12:14:35.619+0000] {logging_mixin.py:188} INFO - [OK] Abbreviation-expanded schema saved: data/sample/chicago_schema_expanded.csv
[INFO] Columns expanded: 3
[2026-01-10T12:14:35.620+0000] {logging_mixin.py:188} INFO - Expanding abbreviations for sf...
[2026-01-10T12:14:36.721+0000] {logging_mixin.py:188} INFO - [OK] Abbreviation-expanded schema saved: data/sample/sf_schema_expanded.csv
[INFO] Columns expanded: 1
[2026-01-10T12:14:36.722+0000] {logging_mixin.py:188} INFO - Expanding abbreviations for la...
[2026-01-10T12:14:37.749+0000] {logging_mixin.py:188} INFO - [OK] Abbreviation-expanded schema saved: data/sample/la_schema_expanded.csv
[INFO] Columns expanded: 0
[2026-01-10T12:14:37.750+0000] {logging_mixin.py:188} INFO - ✓ Abbreviations expanded in all schemas
[2026-01-10T12:14:37.750+0000] {python.py:201} INFO - Done. Returned value was: None
[2026-01-10T12:14:37.768+0000] {taskinstance.py:1138} INFO - Marking task as SUCCESS. dag_id=schema_matching_pipeline, task_id=expand_abbreviations, execution_date=20260110T121232, start_date=20260110T121434, end_date=20260110T121437
[2026-01-10T12:14:37.808+0000] {local_task_job_runner.py:234} INFO - Task exited with return code 0
[2026-01-10T12:14:37.874+0000] {taskinstance.py:3281} INFO - 1 downstream tasks scheduled from follow-on schedule check
