[2026-01-10T09:47:15.220+0000] {taskinstance.py:1957} INFO - Dependencies all met for dep_context=non-requeueable deps ti=<TaskInstance: schema_matching_pipeline.expand_abbreviations manual__2026-01-10T09:45:07.471641+00:00 [queued]>
[2026-01-10T09:47:15.238+0000] {taskinstance.py:1957} INFO - Dependencies all met for dep_context=requeueable deps ti=<TaskInstance: schema_matching_pipeline.expand_abbreviations manual__2026-01-10T09:45:07.471641+00:00 [queued]>
[2026-01-10T09:47:15.239+0000] {taskinstance.py:2171} INFO - Starting attempt 2 of 2
[2026-01-10T09:47:15.267+0000] {taskinstance.py:2192} INFO - Executing <Task(PythonOperator): expand_abbreviations> on 2026-01-10 09:45:07.471641+00:00
[2026-01-10T09:47:15.296+0000] {standard_task_runner.py:60} INFO - Started process 208 to run task
[2026-01-10T09:47:15.311+0000] {standard_task_runner.py:87} INFO - Running: ['***', 'tasks', 'run', 'schema_matching_pipeline', 'expand_abbreviations', 'manual__2026-01-10T09:45:07.471641+00:00', '--job-id', '38', '--raw', '--subdir', 'DAGS_FOLDER/schema_matching_dag.py', '--cfg-path', '/tmp/tmptbku79hi']
[2026-01-10T09:47:15.347+0000] {standard_task_runner.py:88} INFO - Job 38: Subtask expand_abbreviations
[2026-01-10T09:47:15.714+0000] {task_command.py:423} INFO - Running <TaskInstance: schema_matching_pipeline.expand_abbreviations manual__2026-01-10T09:45:07.471641+00:00 [running]> on host 205f0f24a8e9
[2026-01-10T09:47:16.085+0000] {taskinstance.py:2481} INFO - Exporting env vars: AIRFLOW_CTX_DAG_OWNER='data-engineer' AIRFLOW_CTX_DAG_ID='schema_matching_pipeline' AIRFLOW_CTX_TASK_ID='expand_abbreviations' AIRFLOW_CTX_EXECUTION_DATE='2026-01-10T09:45:07.471641+00:00' AIRFLOW_CTX_TRY_NUMBER='2' AIRFLOW_CTX_DAG_RUN_ID='manual__2026-01-10T09:45:07.471641+00:00'
[2026-01-10T09:47:16.095+0000] {logging_mixin.py:188} INFO - Expanding abbreviations for chicago...
[2026-01-10T09:47:16.389+0000] {logging_mixin.py:188} INFO - [OK] Abbreviation-expanded schema saved: data/sample/chicago_schema_expanded.csv
[INFO] Columns expanded: 3
[2026-01-10T09:47:16.390+0000] {logging_mixin.py:188} INFO - Expanding abbreviations for sf...
[2026-01-10T09:47:18.313+0000] {logging_mixin.py:188} INFO - [OK] Abbreviation-expanded schema saved: data/sample/sf_schema_expanded.csv
[INFO] Columns expanded: 1
[2026-01-10T09:47:18.313+0000] {logging_mixin.py:188} INFO - Expanding abbreviations for la...
[2026-01-10T09:47:19.807+0000] {logging_mixin.py:188} INFO - [OK] Abbreviation-expanded schema saved: data/sample/la_schema_expanded.csv
[INFO] Columns expanded: 0
[2026-01-10T09:47:19.808+0000] {logging_mixin.py:188} INFO - ✓ Abbreviations expanded in all schemas
[2026-01-10T09:47:19.809+0000] {python.py:201} INFO - Done. Returned value was: None
[2026-01-10T09:47:19.829+0000] {taskinstance.py:1138} INFO - Marking task as SUCCESS. dag_id=schema_matching_pipeline, task_id=expand_abbreviations, execution_date=20260110T094507, start_date=20260110T094715, end_date=20260110T094719
[2026-01-10T09:47:20.096+0000] {local_task_job_runner.py:234} INFO - Task exited with return code 0
[2026-01-10T09:47:20.220+0000] {taskinstance.py:3281} INFO - 0 downstream tasks scheduled from follow-on schedule check
